3D Objects/
Ambiente de Impressão@
Ambiente de Rede@
AndroidStudioProjects/
ansel/
AppData/
Configurações Locais@
Contacts/
Cookies@
Dados de Aplicativos@
Desktop/
Documents/
Downloads/
eclipse/
eclipse-workspace/
Favorites/
Google Drive/
IntelGraphicsProfiles/
Links/
Menu Iniciar@
Meus Documentos@
MicrosoftEdgeBackups/
Modelos@
Music/
NTUSER.DAT
ntuser.dat.LOG1
ntuser.dat.LOG2
NTUSER.DAT{02c4a347-06e7-11e9-9044-e443e72b6988}.TM.blf
NTUSER.DAT{02c4a347-06e7-11e9-9044-e443e72b6988}.TMContainer00000000000000000001.regtrans-ms
NTUSER.DAT{02c4a347-06e7-11e9-9044-e443e72b6988}.TMContainer00000000000000000002.regtrans-ms
ntuser.ini
OneDrive/
Pictures/
PycharmProjects/
README.md
Recent@
Saved Games/
Searches/
SendTo@
Videos/
